17:41:53.639 [main] INFO  org.makeMyTrip.pageLayer.HotelsWebPage - Autocomplete dropdown is displayed on screen
17:41:54.079 [main] INFO  org.makeMyTrip.pageLayer.HotelsWebPage - City name is entered in select city text field
17:41:55.084 [main] INFO  org.makeMyTrip.pageLayer.HotelsWebPage - Entered city name is retrieved for verification
17:41:55.189 [main] INFO  org.makeMyTrip.pageLayer.HotelsWebPage - Retrived suggested search results for entered city name
17:41:55.490 [main] INFO  org.makeMyTrip.pageLayer.HotelsWebPage - Clicked on city Deira, Dubai
17:41:55.593 [main] INFO  org.makeMyTrip.pageLayer.HotelsWebPage - Selected checkin month for checkin date
17:41:56.370 [main] INFO  org.makeMyTrip.pageLayer.HotelsWebPage - Selcted check in month as October & check in date as 21
17:41:56.867 [main] INFO  org.makeMyTrip.pageLayer.HotelsWebPage - Selected month for checkout date
17:41:58.071 [main] INFO  org.makeMyTrip.pageLayer.HotelsWebPage - Selected checkout date
17:41:58.072 [main] INFO  org.makeMyTrip.pageLayer.HotelsWebPage - Selcted check in month as January & check in date as 21
17:41:58.080 [main] INFO  org.makeMyTrip.driver.Driver - Closing driver
17:50:35.549 [main] INFO  org.makeMyTrip.driver.Driver - URL launched successfully
17:50:35.843 [main] INFO  org.makeMyTrip.pageLayer.HotelsWebPage - Clicked on select hotel city field
17:50:36.454 [main] INFO  org.makeMyTrip.pageLayer.HotelsWebPage - Autocomplete dropdown is displayed on screen
17:50:36.806 [main] INFO  org.makeMyTrip.pageLayer.HotelsWebPage - City name is entered in select city text field
17:50:37.808 [main] INFO  org.makeMyTrip.pageLayer.HotelsWebPage - Entered city name is retrieved for verification
17:50:37.892 [main] INFO  org.makeMyTrip.pageLayer.HotelsWebPage - Retrived suggested search results for entered city name
17:50:38.162 [main] INFO  org.makeMyTrip.pageLayer.HotelsWebPage - Clicked on city Deira, Dubai
17:50:38.251 [main] INFO  org.makeMyTrip.pageLayer.HotelsWebPage - Selected checkin month for checkin date
17:50:39.053 [main] INFO  org.makeMyTrip.pageLayer.HotelsWebPage - Selcted check in month as October & check in date as 21
17:50:39.573 [main] INFO  org.makeMyTrip.pageLayer.HotelsWebPage - Selected month for checkout date
17:50:40.834 [main] INFO  org.makeMyTrip.pageLayer.HotelsWebPage - Selected checkout date
17:50:40.834 [main] INFO  org.makeMyTrip.pageLayer.HotelsWebPage - Selcted check in month as January & check in date as 21
17:50:40.841 [main] INFO  org.makeMyTrip.driver.Driver - Closing driver
17:53:32.229 [main] INFO  org.makeMyTrip.driver.Driver - URL launched successfully
17:53:32.486 [main] INFO  org.makeMyTrip.pageLayer.HotelsWebPage - Clicked on select hotel city field
17:53:33.617 [main] INFO  org.makeMyTrip.pageLayer.HotelsWebPage - Autocomplete dropdown is displayed on screen
17:53:33.985 [main] INFO  org.makeMyTrip.pageLayer.HotelsWebPage - City name is entered in select city text field
17:53:34.998 [main] INFO  org.makeMyTrip.pageLayer.HotelsWebPage - Entered city name is retrieved for verification
17:53:35.083 [main] INFO  org.makeMyTrip.pageLayer.HotelsWebPage - Retrived suggested search results for entered city name
17:53:35.420 [main] INFO  org.makeMyTrip.pageLayer.HotelsWebPage - Clicked on city Deira, Dubai
17:53:35.500 [main] INFO  org.makeMyTrip.pageLayer.HotelsWebPage - Selected checkin month for checkin date
17:53:36.351 [main] INFO  org.makeMyTrip.pageLayer.HotelsWebPage - Selcted check in month as October & check in date as 21
17:53:37.095 [main] INFO  org.makeMyTrip.pageLayer.HotelsWebPage - Selected month for checkout date
17:53:38.216 [main] INFO  org.makeMyTrip.pageLayer.HotelsWebPage - Selected checkout date
17:53:38.217 [main] INFO  org.makeMyTrip.pageLayer.HotelsWebPage - Selcted check in month as January & check in date as 21
17:53:38.235 [main] INFO  org.makeMyTrip.driver.Driver - Closing driver
17:55:03.410 [main] INFO  org.makeMyTrip.driver.Driver - URL launched successfully
17:55:33.115 [main] INFO  org.makeMyTrip.driver.Driver - URL launched successfully
17:55:33.424 [main] INFO  org.makeMyTrip.pageLayer.HotelsWebPage - Clicked on select hotel city field
17:55:34.031 [main] INFO  org.makeMyTrip.pageLayer.HotelsWebPage - Autocomplete dropdown is displayed on screen
17:55:34.431 [main] INFO  org.makeMyTrip.pageLayer.HotelsWebPage - City name is entered in select city text field
17:55:35.447 [main] INFO  org.makeMyTrip.pageLayer.HotelsWebPage - Entered city name is retrieved for verification
17:55:35.561 [main] INFO  org.makeMyTrip.pageLayer.HotelsWebPage - Retrived suggested search results for entered city name
17:55:35.988 [main] INFO  org.makeMyTrip.pageLayer.HotelsWebPage - Clicked on city Deira, Dubai
17:55:36.086 [main] INFO  org.makeMyTrip.pageLayer.HotelsWebPage - Selected checkin month for checkin date
17:55:36.842 [main] INFO  org.makeMyTrip.pageLayer.HotelsWebPage - Selcted check in month as October & check in date as 21
17:55:37.383 [main] INFO  org.makeMyTrip.pageLayer.HotelsWebPage - Selected month for checkout date
17:55:38.527 [main] INFO  org.makeMyTrip.pageLayer.HotelsWebPage - Selected checkout date
