23:18:19.412 [main] INFO  org.makeMyTrip.driver.Driver - Closing driver
23:19:05.825 [main] INFO  org.makeMyTrip.driver.Driver - URL launched successfully
23:19:06.149 [main] INFO  org.makeMyTrip.pageLayer.HotelsWebPage - Clicked on rooms & guests field
23:19:06.150 [main] INFO  org.makeMyTrip.pageLayer.HotelsWebPage - Retrieved count of rooms
23:19:06.364 [main] INFO  org.makeMyTrip.pageLayer.HotelsWebPage - Adding 3 rooms
23:19:06.866 [main] INFO  org.makeMyTrip.pageLayer.HotelsWebPage - Added 3 rooms
23:19:06.867 [main] INFO  org.makeMyTrip.pageLayer.HotelsWebPage - Retrieved count of rooms
23:19:07.072 [main] INFO  org.makeMyTrip.pageLayer.HotelsWebPage - Removed room number 3
23:19:07.072 [main] INFO  org.makeMyTrip.pageLayer.HotelsWebPage - Retrieved count of rooms
23:19:07.227 [main] INFO  org.makeMyTrip.pageLayer.HotelsWebPage - clicked on edit button for room number 1
23:19:07.396 [main] INFO  org.makeMyTrip.pageLayer.HotelsWebPage - Selected children count as 1
23:19:07.859 [main] INFO  org.makeMyTrip.driver.Driver - Closing driver
23:30:53.549 [main] INFO  org.makeMyTrip.driver.Driver - URL launched successfully
23:30:53.878 [main] INFO  org.makeMyTrip.pageLayer.HotelsWebPage - Clicked on rooms & guests field
23:30:53.879 [main] INFO  org.makeMyTrip.pageLayer.HotelsWebPage - Retrieved count of rooms
23:30:54.064 [main] INFO  org.makeMyTrip.pageLayer.HotelsWebPage - Adding 3 rooms
23:30:54.545 [main] INFO  org.makeMyTrip.pageLayer.HotelsWebPage - Added 3 rooms
23:30:54.546 [main] INFO  org.makeMyTrip.pageLayer.HotelsWebPage - Retrieved count of rooms
23:30:54.755 [main] INFO  org.makeMyTrip.pageLayer.HotelsWebPage - Removed room number 3
23:30:54.756 [main] INFO  org.makeMyTrip.pageLayer.HotelsWebPage - Retrieved count of rooms
23:30:54.953 [main] INFO  org.makeMyTrip.pageLayer.HotelsWebPage - clicked on edit button for room number 1
23:30:55.153 [main] INFO  org.makeMyTrip.pageLayer.HotelsWebPage - Selected children count as 1
23:30:55.460 [main] INFO  org.makeMyTrip.driver.Driver - Closing driver
23:32:05.709 [main] INFO  org.makeMyTrip.driver.Driver - URL launched successfully
23:32:06.023 [main] INFO  org.makeMyTrip.pageLayer.HotelsWebPage - Clicked on rooms & guests field
23:32:06.024 [main] INFO  org.makeMyTrip.pageLayer.HotelsWebPage - Retrieved count of rooms
23:32:06.213 [main] INFO  org.makeMyTrip.pageLayer.HotelsWebPage - Adding 3 rooms
23:32:06.747 [main] INFO  org.makeMyTrip.pageLayer.HotelsWebPage - Added 3 rooms
23:32:06.749 [main] INFO  org.makeMyTrip.pageLayer.HotelsWebPage - Retrieved count of rooms
23:32:06.927 [main] INFO  org.makeMyTrip.pageLayer.HotelsWebPage - Removed room number 3
23:32:06.927 [main] INFO  org.makeMyTrip.pageLayer.HotelsWebPage - Retrieved count of rooms
23:32:07.095 [main] INFO  org.makeMyTrip.pageLayer.HotelsWebPage - clicked on edit button for room number 1
23:32:07.304 [main] INFO  org.makeMyTrip.pageLayer.HotelsWebPage - Selected children count as 1
23:32:09.655 [main] INFO  org.makeMyTrip.driver.Driver - Closing driver
23:46:03.052 [main] INFO  org.makeMyTrip.driver.Driver - URL launched successfully
23:46:03.391 [main] INFO  org.makeMyTrip.pageLayer.HotelsWebPage - Clicked on rooms & guests field
23:46:03.392 [main] INFO  org.makeMyTrip.pageLayer.HotelsWebPage - Retrieved count of rooms
23:46:03.569 [main] INFO  org.makeMyTrip.pageLayer.HotelsWebPage - Adding 3 rooms
23:46:04.084 [main] INFO  org.makeMyTrip.pageLayer.HotelsWebPage - Added 3 rooms
23:46:04.085 [main] INFO  org.makeMyTrip.pageLayer.HotelsWebPage - Retrieved count of rooms
23:46:04.294 [main] INFO  org.makeMyTrip.pageLayer.HotelsWebPage - Removed room number 3
23:46:04.295 [main] INFO  org.makeMyTrip.pageLayer.HotelsWebPage - Retrieved count of rooms
23:46:04.497 [main] INFO  org.makeMyTrip.pageLayer.HotelsWebPage - clicked on edit button for room number 1
23:46:04.677 [main] INFO  org.makeMyTrip.pageLayer.HotelsWebPage - Selected children count as 2
23:46:07.327 [main] INFO  org.makeMyTrip.driver.Driver - Closing driver
